<?xml version="1.0" encoding="UTF-8"?>
<!-- Generated by org.testng.reporters.JUnitReportReporter -->
<testsuite hostname="sairaasi" failures="0" tests="2" name="Runner.CucumberRunner" time="12.476" errors="0" timestamp="2024-11-04T10:06:35 IST" skipped="0">
  <testcase classname="Runner.CucumberRunner" name="runScenario" time="7.118"/>
  <testcase classname="Runner.CucumberRunner" name="runScenario" time="5.358"/>
</testsuite> <!-- Runner.CucumberRunner -->
