<?xml version="1.0" encoding="UTF-8"?>
<!-- Generated by org.testng.reporters.JUnitReportReporter -->
<testsuite hostname="sairaasi" failures="0" tests="7" name="com.runner.ParallerRunner" time="165.106" errors="0" timestamp="2024-11-18T07:50:03 IST" skipped="0">
  <testcase classname="com.runner.ParallerRunner" name="runScenario" time="10.141">
    <system-out>
      <![CDATA[navigated to the redbus
bus ticket page navigated
 Sucessfully languages changed 
user sucessfully navigated to home page ]]>
    </system-out>
  </testcase> <!-- runScenario -->
  <testcase classname="com.runner.ParallerRunner" name="runScenario" time="30.815">
    <system-out>
      <![CDATA[navigated to the redbus
bus ticket page navigated
Sucessfully clicked on Colombia
Sucessfully navigated to colombia
relavent information 
sucessfully navigated to the peru page
sucessfully get relavent data
Sucessfully clicked on Singapore
Sucessfully navigated to SingaporePage]]>
    </system-out>
  </testcase> <!-- runScenario -->
  <testcase classname="com.runner.ParallerRunner" name="runScenario" time="10.874">
    <system-out>
      <![CDATA[navigated to the redbus
bus ticket page navigated
 Sucessfully languages changed 
user sucessfully navigated to home page ]]>
    </system-out>
  </testcase> <!-- runScenario -->
  <testcase classname="com.runner.ParallerRunner" name="runScenario" time="52.487">
    <system-out>
      <![CDATA[navigated to the redbus
bus ticket page navigated
sucessfuly clicked on frequent asked questions
Sucessfully navigated to the page
Sucessfully clicked on ticket related link
Sucessfully clicked on Refund Relatedlink
Sucessfully clicked on Cancellation Related link
sucessfuly clicked on terms and conditions
sucessfuly navigated to terms and policy page
sucessfuly clicked on user agreement page
sucessfuly navigated to user Agreement]]>
    </system-out>
  </testcase> <!-- runScenario -->
  <testcase classname="com.runner.ParallerRunner" name="runScenario" time="25.345">
    <system-out>
      <![CDATA[navigated to the redbus
bus ticket page navigated
sucessfully clicked on viewAll
Sucessfully navigated to the all the RTC Operator directories page
Sucessfully clicked on PEPSU link 
Sucessfully navigated to PEPSU Page
sucessfully clicked 
Sucessfully navigated]]>
    </system-out>
  </testcase> <!-- runScenario -->
  <testcase classname="com.runner.ParallerRunner" name="runScenario" time="25.817">
    <system-out>
      <![CDATA[navigated to the redbus
bus ticket page navigated
user navigate to offer
user navigates to bus offer
user navigates to bus offer
user sucessfully came back to offers page]]>
    </system-out>
  </testcase> <!-- runScenario -->
  <testcase classname="com.runner.ParallerRunner" name="runScenario" time="9.627">
    <system-out>
      <![CDATA[navigated to the redbus
bus ticket page navigated
 Sucessfully languages changed 
user sucessfully navigated to home page ]]>
    </system-out>
  </testcase> <!-- runScenario -->
  <system-out>
    <![CDATA[navigated to the redbus
navigated to the redbus
bus ticket page navigated
bus ticket page navigated
 Sucessfully languages changed 
user sucessfully navigated to home page 
 Sucessfully languages changed 
user sucessfully navigated to home page 
navigated to the redbus
navigated to the redbus
bus ticket page navigated
bus ticket page navigated
user navigate to offer
 Sucessfully languages changed 
user sucessfully navigated to home page 
navigated to the redbus
bus ticket page navigated
sucessfully clicked on viewAll
user navigates to bus offer
user navigates to bus offer
user sucessfully came back to offers page
navigated to the redbus
Sucessfully navigated to the all the RTC Operator directories page
bus ticket page navigated
sucessfuly clicked on frequent asked questions
Sucessfully clicked on PEPSU link 
Sucessfully navigated to PEPSU Page
sucessfully clicked 
Sucessfully navigated
navigated to the redbus
bus ticket page navigated
Sucessfully clicked on Colombia
Sucessfully navigated to colombia
relavent information 
Sucessfully navigated to the page
Sucessfully clicked on ticket related link
Sucessfully clicked on Refund Relatedlink
Sucessfully clicked on Cancellation Related link
sucessfuly clicked on terms and conditions
sucessfuly navigated to terms and policy page
sucessfuly clicked on user agreement page
sucessfully navigated to the peru page
sucessfully get relavent data
Sucessfully clicked on Singapore
Sucessfully navigated to SingaporePage
sucessfuly navigated to user Agreement]]>
  </system-out>
</testsuite> <!-- com.runner.ParallerRunner -->
